Log opened at 2017-07-13 22:22:54
I: Checking remote connect back address.
I: Checking header 'HTTP_X_FORWARDED_FOR'.
I: Checking header 'REMOTE_ADDR'.
I: Remote address found, connecting to 172.17.0.1:9000.
E: Could not connect to client. :-(
Log closed at 2017-07-13 22:22:54

Log opened at 2017-07-13 22:25:03
I: Checking remote connect back address.
I: Checking header 'HTTP_X_FORWARDED_FOR'.
I: Checking header 'REMOTE_ADDR'.
I: Remote address found, connecting to 172.17.0.1:9000.
E: Could not connect to client. :-(
Log closed at 2017-07-13 22:25:03

Log opened at 2017-07-13 22:27:53
I: Checking remote connect back address.
I: Checking header 'HTTP_X_FORWARDED_FOR'.
I: Checking header 'REMOTE_ADDR'.
I: Remote address found, connecting to 172.17.0.1:9000.
E: Could not connect to client. :-(
Log closed at 2017-07-13 22:27:53

Log opened at 2017-07-13 22:28:17
I: Checking remote connect back address.
I: Checking header 'HTTP_X_FORWARDED_FOR'.
I: Checking header 'REMOTE_ADDR'.
I: Remote address found, connecting to 172.17.0.1:9000.
E: Could not connect to client. :-(
Log closed at 2017-07-13 22:28:17

Log opened at 2017-07-13 22:44:13
I: Checking remote connect back address.
I: Checking header 'HTTP_X_FORWARDED_FOR'.
I: Checking header 'REMOTE_ADDR'.
I: Remote address found, connecting to 172.17.0.1:9000.
E: Could not connect to client. :-(
Log closed at 2017-07-13 22:44:13

Log opened at 2017-07-13 22:45:26
I: Checking remote connect back address.
I: Checking header 'HTTP_X_FORWARDED_FOR'.
I: Checking header 'REMOTE_ADDR'.
I: Remote address found, connecting to 172.17.0.1:9000.
E: Could not connect to client. :-(
Log closed at 2017-07-13 22:45:26

Log opened at 2017-07-13 22:46:04
I: Checking remote connect back address.
I: Checking header 'HTTP_X_FORWARDED_FOR'.
I: Checking header 'REMOTE_ADDR'.
I: Remote address found, connecting to 172.17.0.1:9000.
E: Could not connect to client. :-(
Log closed at 2017-07-13 22:46:04

Log opened at 2017-07-13 22:47:20
I: Checking remote connect back address.
I: Checking header 'HTTP_X_FORWARDED_FOR'.
I: Checking header 'REMOTE_ADDR'.
I: Remote address found, connecting to 172.17.0.1:9000.
E: Could not connect to client. :-(
Log closed at 2017-07-13 22:47:20

Log opened at 2017-07-13 22:47:25
I: Checking remote connect back address.
I: Checking header 'HTTP_X_FORWARDED_FOR'.
I: Checking header 'REMOTE_ADDR'.
I: Remote address found, connecting to 172.17.0.1:9000.
E: Could not connect to client. :-(
Log closed at 2017-07-13 22:47:25

Log opened at 2017-07-13 22:49:05
I: Checking remote connect back address.
I: Checking header 'HTTP_X_FORWARDED_FOR'.
I: Checking header 'REMOTE_ADDR'.
I: Remote address found, connecting to 172.17.0.1:9000.
I: Connected to client. :-)
-> <init xmlns="urn:debugger_protocol_v1" xmlns:xdebug="http://xdebug.org/dbgp/xdebug" fileuri="file:///var/www/html/myecm/index.php" language="PHP" xdebug:language_version="7.0.4-5ubuntu1" protocol_version="1.0" appid="7" idekey="XDEBUG_ECLIPSE"><engine version="2.4.0"><![CDATA[Xdebug]]></engine><author><![CDATA[Derick Rethans]]></author><url><![CDATA[http://xdebug.org]]></url><copyright><![CDATA[Copyright (c) 2002-2016 by Derick Rethans]]></copyright></init>

-> <response xmlns="urn:debugger_protocol_v1" xmlns:xdebug="http://xdebug.org/dbgp/xdebug" status="stopping" reason="ok"></response>

Log closed at 2017-07-13 22:49:05

Log opened at 2017-07-13 22:51:11
I: Checking remote connect back address.
I: Checking header 'HTTP_X_FORWARDED_FOR'.
I: Checking header 'REMOTE_ADDR'.
I: Remote address found, connecting to 172.17.0.1:9000.
I: Connected to client. :-)
-> <init xmlns="urn:debugger_protocol_v1" xmlns:xdebug="http://xdebug.org/dbgp/xdebug" fileuri="file:///var/www/html/myecm/index.php" language="PHP" xdebug:language_version="7.0.4-5ubuntu1" protocol_version="1.0" appid="8" idekey="XDEBUG_ECLIPSE"><engine version="2.4.0"><![CDATA[Xdebug]]></engine><author><![CDATA[Derick Rethans]]></author><url><![CDATA[http://xdebug.org]]></url><copyright><![CDATA[Copyright (c) 2002-2016 by Derick Rethans]]></copyright></init>

-> <response xmlns="urn:debugger_protocol_v1" xmlns:xdebug="http://xdebug.org/dbgp/xdebug" status="stopping" reason="ok"></response>

Log closed at 2017-07-13 22:51:11

Log opened at 2017-07-13 22:52:16
I: Checking remote connect back address.
I: Checking header 'HTTP_X_FORWARDED_FOR'.
I: Checking header 'REMOTE_ADDR'.
I: Remote address found, connecting to 172.17.0.1:9000.
I: Connected to client. :-)
-> <init xmlns="urn:debugger_protocol_v1" xmlns:xdebug="http://xdebug.org/dbgp/xdebug" fileuri="file:///var/www/html/myecm/index.php" language="PHP" xdebug:language_version="7.0.4-5ubuntu1" protocol_version="1.0" appid="9" idekey="XDEBUG_ECLIPSE"><engine version="2.4.0"><![CDATA[Xdebug]]></engine><author><![CDATA[Derick Rethans]]></author><url><![CDATA[http://xdebug.org]]></url><copyright><![CDATA[Copyright (c) 2002-2016 by Derick Rethans]]></copyright></init>

-> <response xmlns="urn:debugger_protocol_v1" xmlns:xdebug="http://xdebug.org/dbgp/xdebug" status="stopping" reason="ok"></response>

Log closed at 2017-07-13 22:52:16

Log opened at 2017-07-13 22:52:28
I: Checking remote connect back address.
I: Checking header 'HTTP_X_FORWARDED_FOR'.
I: Checking header 'REMOTE_ADDR'.
I: Remote address found, connecting to 172.17.0.1:9000.
I: Connected to client. :-)
-> <init xmlns="urn:debugger_protocol_v1" xmlns:xdebug="http://xdebug.org/dbgp/xdebug" fileuri="file:///var/www/html/myecm/index.php" language="PHP" xdebug:language_version="7.0.4-5ubuntu1" protocol_version="1.0" appid="10" idekey="XDEBUG_ECLIPSE"><engine version="2.4.0"><![CDATA[Xdebug]]></engine><author><![CDATA[Derick Rethans]]></author><url><![CDATA[http://xdebug.org]]></url><copyright><![CDATA[Copyright (c) 2002-2016 by Derick Rethans]]></copyright></init>

-> <response xmlns="urn:debugger_protocol_v1" xmlns:xdebug="http://xdebug.org/dbgp/xdebug" status="stopping" reason="ok"></response>

Log closed at 2017-07-13 22:52:28

Log opened at 2017-07-13 22:55:37
I: Checking remote connect back address.
I: Checking header 'HTTP_X_FORWARDED_FOR'.
I: Checking header 'REMOTE_ADDR'.
I: Remote address found, connecting to 172.17.0.1:9000.
E: Could not connect to client. :-(
Log closed at 2017-07-13 22:55:37

Log opened at 2017-07-13 22:56:09
I: Checking remote connect back address.
I: Checking header 'HTTP_X_FORWARDED_FOR'.
I: Checking header 'REMOTE_ADDR'.
I: Remote address found, connecting to 172.17.0.1:9000.
E: Could not connect to client. :-(
Log closed at 2017-07-13 22:56:09

Log opened at 2017-07-13 22:56:13
I: Checking remote connect back address.
I: Checking header 'HTTP_X_FORWARDED_FOR'.
I: Checking header 'REMOTE_ADDR'.
I: Remote address found, connecting to 172.17.0.1:9000.
E: Could not connect to client. :-(
Log closed at 2017-07-13 22:56:13

Log opened at 2017-07-13 23:01:21
I: Checking remote connect back address.
I: Checking header 'HTTP_X_FORWARDED_FOR'.
I: Checking header 'REMOTE_ADDR'.
I: Remote address found, connecting to 172.17.0.1:8888.
E: Could not connect to client. :-(
Log closed at 2017-07-13 23:01:21

Log opened at 2017-07-13 23:01:33
I: Checking remote connect back address.
I: Checking header 'HTTP_X_FORWARDED_FOR'.
I: Checking header 'REMOTE_ADDR'.
I: Remote address found, connecting to 172.17.0.1:8888.
E: Could not connect to client. :-(
Log closed at 2017-07-13 23:01:33

Log opened at 2017-07-13 23:01:46
I: Checking remote connect back address.
I: Checking header 'HTTP_X_FORWARDED_FOR'.
I: Checking header 'REMOTE_ADDR'.
I: Remote address found, connecting to 172.17.0.1:8888.
E: Could not connect to client. :-(
Log closed at 2017-07-13 23:01:46

Log opened at 2017-07-14 13:18:30
I: Checking remote connect back address.
I: Checking header 'HTTP_X_FORWARDED_FOR'.
I: Checking header 'REMOTE_ADDR'.
I: Remote address found, connecting to 172.17.0.1:8888.
E: Could not connect to client. :-(
Log closed at 2017-07-14 13:18:30

Log opened at 2017-07-14 13:18:36
I: Checking remote connect back address.
I: Checking header 'HTTP_X_FORWARDED_FOR'.
I: Checking header 'REMOTE_ADDR'.
I: Remote address found, connecting to 172.17.0.1:8888.
E: Could not connect to client. :-(
Log closed at 2017-07-14 13:18:36

Log opened at 2017-07-14 13:18:46
I: Checking remote connect back address.
I: Checking header 'HTTP_X_FORWARDED_FOR'.
I: Checking header 'REMOTE_ADDR'.
I: Remote address found, connecting to 172.17.0.1:8888.
E: Could not connect to client. :-(
Log closed at 2017-07-14 13:18:46

Log opened at 2017-07-14 13:27:41
I: Checking remote connect back address.
I: Checking header 'HTTP_X_FORWARDED_FOR'.
I: Checking header 'REMOTE_ADDR'.
I: Remote address found, connecting to 172.17.0.1:8888.
E: Could not connect to client. :-(
Log closed at 2017-07-14 13:27:41

Log opened at 2017-07-14 14:02:31
I: Checking remote connect back address.
I: Checking header 'HTTP_X_FORWARDED_FOR'.
I: Checking header 'REMOTE_ADDR'.
I: Remote address found, connecting to 172.17.0.1:8888.
E: Could not connect to client. :-(
Log closed at 2017-07-14 14:02:31

Log opened at 2017-07-14 14:10:11
I: Checking remote connect back address.
I: Checking header 'HTTP_X_FORWARDED_FOR'.
I: Checking header 'REMOTE_ADDR'.
I: Remote address found, connecting to 172.17.0.1:8888.
E: Could not connect to client. :-(
Log closed at 2017-07-14 14:10:11

Log opened at 2017-07-14 14:13:28
I: Checking remote connect back address.
I: Checking header 'HTTP_X_FORWARDED_FOR'.
I: Checking header 'REMOTE_ADDR'.
I: Remote address found, connecting to 172.17.0.1:8888.
E: Could not connect to client. :-(
Log closed at 2017-07-14 14:13:28

Log opened at 2017-07-14 14:13:43
I: Checking remote connect back address.
I: Checking header 'HTTP_X_FORWARDED_FOR'.
I: Checking header 'REMOTE_ADDR'.
I: Remote address found, connecting to 172.17.0.1:8888.
E: Could not connect to client. :-(
Log closed at 2017-07-14 14:13:43

Log opened at 2017-07-14 14:13:53
I: Checking remote connect back address.
I: Checking header 'HTTP_X_FORWARDED_FOR'.
I: Checking header 'REMOTE_ADDR'.
I: Remote address found, connecting to 172.17.0.1:8888.
E: Could not connect to client. :-(
Log closed at 2017-07-14 14:13:53

Log opened at 2017-07-14 14:14:19
I: Checking remote connect back address.
I: Checking header 'HTTP_X_FORWARDED_FOR'.
I: Checking header 'REMOTE_ADDR'.
I: Remote address found, connecting to 172.17.0.1:8888.
E: Could not connect to client. :-(
Log closed at 2017-07-14 14:14:19

Log opened at 2017-07-14 14:14:51
I: Checking remote connect back address.
I: Checking header 'HTTP_X_FORWARDED_FOR'.
I: Checking header 'REMOTE_ADDR'.
I: Remote address found, connecting to 172.17.0.1:8888.
E: Could not connect to client. :-(
Log closed at 2017-07-14 14:14:51

Log opened at 2017-07-14 14:15:07
I: Checking remote connect back address.
I: Checking header 'HTTP_X_FORWARDED_FOR'.
I: Checking header 'REMOTE_ADDR'.
I: Remote address found, connecting to 172.17.0.1:8888.
E: Could not connect to client. :-(
Log closed at 2017-07-14 14:15:07

Log opened at 2017-07-14 14:16:09
I: Checking remote connect back address.
I: Checking header 'HTTP_X_FORWARDED_FOR'.
I: Checking header 'REMOTE_ADDR'.
I: Remote address found, connecting to 172.17.0.1:8888.
E: Could not connect to client. :-(
Log closed at 2017-07-14 14:16:09

Log opened at 2017-07-14 14:17:08
I: Checking remote connect back address.
I: Checking header 'HTTP_X_FORWARDED_FOR'.
I: Checking header 'REMOTE_ADDR'.
I: Remote address found, connecting to 172.17.0.1:8888.
E: Could not connect to client. :-(
Log closed at 2017-07-14 14:17:08

Log opened at 2017-07-14 14:17:16
I: Checking remote connect back address.
I: Checking header 'HTTP_X_FORWARDED_FOR'.
I: Checking header 'REMOTE_ADDR'.
I: Remote address found, connecting to 172.17.0.1:8888.
E: Could not connect to client. :-(
Log closed at 2017-07-14 14:17:16

Log opened at 2017-07-14 14:17:46
I: Checking remote connect back address.
I: Checking header 'HTTP_X_FORWARDED_FOR'.
I: Checking header 'REMOTE_ADDR'.
I: Remote address found, connecting to 172.17.0.1:8888.
E: Could not connect to client. :-(
Log closed at 2017-07-14 14:17:46

Log opened at 2017-07-14 14:17:54
I: Checking remote connect back address.
I: Checking header 'HTTP_X_FORWARDED_FOR'.
I: Checking header 'REMOTE_ADDR'.
I: Remote address found, connecting to 172.17.0.1:8888.
E: Could not connect to client. :-(
Log closed at 2017-07-14 14:17:54

Log opened at 2017-07-14 14:18:18
I: Checking remote connect back address.
I: Checking header 'HTTP_X_FORWARDED_FOR'.
I: Checking header 'REMOTE_ADDR'.
I: Remote address found, connecting to 172.17.0.1:8888.
E: Could not connect to client. :-(
Log closed at 2017-07-14 14:18:18

Log opened at 2017-07-14 14:23:36
I: Checking remote connect back address.
I: Checking header 'HTTP_X_FORWARDED_FOR'.
I: Checking header 'REMOTE_ADDR'.
I: Remote address found, connecting to 172.17.0.1:8888.
E: Could not connect to client. :-(
Log closed at 2017-07-14 14:23:36

Log opened at 2017-07-14 14:24:20
I: Checking remote connect back address.
I: Checking header 'HTTP_X_FORWARDED_FOR'.
I: Checking header 'REMOTE_ADDR'.
I: Remote address found, connecting to 172.17.0.1:8888.
E: Could not connect to client. :-(
Log closed at 2017-07-14 14:24:20

Log opened at 2017-07-14 14:24:54
I: Checking remote connect back address.
I: Checking header 'HTTP_X_FORWARDED_FOR'.
I: Checking header 'REMOTE_ADDR'.
I: Remote address found, connecting to 172.17.0.1:8888.
E: Could not connect to client. :-(
Log closed at 2017-07-14 14:24:54

Log opened at 2017-07-14 14:30:32
I: Checking remote connect back address.
I: Checking header 'HTTP_X_FORWARDED_FOR'.
I: Checking header 'REMOTE_ADDR'.
I: Remote address found, connecting to 172.17.0.1:8888.
E: Could not connect to client. :-(
Log closed at 2017-07-14 14:30:32

Log opened at 2017-07-14 14:31:03
I: Checking remote connect back address.
I: Checking header 'HTTP_X_FORWARDED_FOR'.
I: Checking header 'REMOTE_ADDR'.
I: Remote address found, connecting to 172.17.0.1:8888.
E: Could not connect to client. :-(
Log closed at 2017-07-14 14:31:03

Log opened at 2017-07-14 14:31:25
I: Checking remote connect back address.
I: Checking header 'HTTP_X_FORWARDED_FOR'.
I: Checking header 'REMOTE_ADDR'.
I: Remote address found, connecting to 172.17.0.1:8888.
E: Could not connect to client. :-(
Log closed at 2017-07-14 14:31:25

Log opened at 2017-07-14 14:32:03
I: Checking remote connect back address.
I: Checking header 'HTTP_X_FORWARDED_FOR'.
I: Checking header 'REMOTE_ADDR'.
I: Remote address found, connecting to 172.17.0.1:8888.
E: Could not connect to client. :-(
Log closed at 2017-07-14 14:32:03

Log opened at 2017-07-14 14:34:01
I: Checking remote connect back address.
I: Checking header 'HTTP_X_FORWARDED_FOR'.
I: Checking header 'REMOTE_ADDR'.
I: Remote address found, connecting to 172.17.0.1:8888.
E: Could not connect to client. :-(
Log closed at 2017-07-14 14:34:01

Log opened at 2017-07-14 14:34:18
I: Checking remote connect back address.
I: Checking header 'HTTP_X_FORWARDED_FOR'.
I: Checking header 'REMOTE_ADDR'.
I: Remote address found, connecting to 172.17.0.1:8888.
E: Could not connect to client. :-(
Log closed at 2017-07-14 14:34:18

Log opened at 2017-07-14 14:49:00
I: Checking remote connect back address.
I: Checking header 'HTTP_X_FORWARDED_FOR'.
I: Checking header 'REMOTE_ADDR'.
I: Remote address found, connecting to 172.17.0.1:8888.
E: Could not connect to client. :-(
Log closed at 2017-07-14 14:49:00

Log opened at 2017-07-14 14:49:14
I: Checking remote connect back address.
I: Checking header 'HTTP_X_FORWARDED_FOR'.
I: Checking header 'REMOTE_ADDR'.
I: Remote address found, connecting to 172.17.0.1:8888.
E: Could not connect to client. :-(
Log closed at 2017-07-14 14:49:14

Log opened at 2017-07-14 15:11:26
I: Checking remote connect back address.
I: Checking header 'HTTP_X_FORWARDED_FOR'.
I: Checking header 'REMOTE_ADDR'.
I: Remote address found, connecting to 172.17.0.1:8888.
E: Could not connect to client. :-(
Log closed at 2017-07-14 15:11:26

Log opened at 2017-07-14 15:11:42
I: Checking remote connect back address.
I: Checking header 'HTTP_X_FORWARDED_FOR'.
I: Checking header 'REMOTE_ADDR'.
I: Remote address found, connecting to 172.17.0.1:8888.
E: Could not connect to client. :-(
Log closed at 2017-07-14 15:11:42

Log opened at 2017-07-14 15:11:54
I: Checking remote connect back address.
I: Checking header 'HTTP_X_FORWARDED_FOR'.
I: Checking header 'REMOTE_ADDR'.
I: Remote address found, connecting to 172.17.0.1:8888.
E: Could not connect to client. :-(
Log closed at 2017-07-14 15:11:54

Log opened at 2017-07-14 15:12:03
I: Checking remote connect back address.
I: Checking header 'HTTP_X_FORWARDED_FOR'.
I: Checking header 'REMOTE_ADDR'.
I: Remote address found, connecting to 172.17.0.1:8888.
E: Could not connect to client. :-(
Log closed at 2017-07-14 15:12:03

Log opened at 2017-07-14 15:12:27
I: Checking remote connect back address.
I: Checking header 'HTTP_X_FORWARDED_FOR'.
I: Checking header 'REMOTE_ADDR'.
I: Remote address found, connecting to 172.17.0.1:8888.
E: Could not connect to client. :-(
Log closed at 2017-07-14 15:12:27

Log opened at 2017-07-14 15:13:07
I: Checking remote connect back address.
I: Checking header 'HTTP_X_FORWARDED_FOR'.
I: Checking header 'REMOTE_ADDR'.
I: Remote address found, connecting to 172.17.0.1:8888.
E: Could not connect to client. :-(
Log closed at 2017-07-14 15:13:07

Log opened at 2017-07-14 15:13:26
I: Checking remote connect back address.
I: Checking header 'HTTP_X_FORWARDED_FOR'.
I: Checking header 'REMOTE_ADDR'.
I: Remote address found, connecting to 172.17.0.1:8888.
E: Could not connect to client. :-(
Log closed at 2017-07-14 15:13:26

Log opened at 2017-07-14 15:21:48
I: Checking remote connect back address.
I: Checking header 'HTTP_X_FORWARDED_FOR'.
I: Checking header 'REMOTE_ADDR'.
I: Remote address found, connecting to 172.17.0.1:8888.
E: Could not connect to client. :-(
Log closed at 2017-07-14 15:21:48

Log opened at 2017-07-14 15:36:25
I: Checking remote connect back address.
I: Checking header 'HTTP_X_FORWARDED_FOR'.
I: Checking header 'REMOTE_ADDR'.
I: Remote address found, connecting to 172.17.0.1:8888.
E: Could not connect to client. :-(
Log closed at 2017-07-14 15:36:25

Log opened at 2017-07-14 15:36:37
I: Checking remote connect back address.
I: Checking header 'HTTP_X_FORWARDED_FOR'.
I: Checking header 'REMOTE_ADDR'.
I: Remote address found, connecting to 172.17.0.1:8888.
E: Could not connect to client. :-(
Log closed at 2017-07-14 15:36:37

Log opened at 2017-07-14 15:36:43
I: Checking remote connect back address.
I: Checking header 'HTTP_X_FORWARDED_FOR'.
I: Checking header 'REMOTE_ADDR'.
I: Remote address found, connecting to 172.17.0.1:8888.
E: Could not connect to client. :-(
Log closed at 2017-07-14 15:36:43

Log opened at 2017-07-14 15:37:01
I: Checking remote connect back address.
I: Checking header 'HTTP_X_FORWARDED_FOR'.
I: Checking header 'REMOTE_ADDR'.
I: Remote address found, connecting to 172.17.0.1:8888.
E: Could not connect to client. :-(
Log closed at 2017-07-14 15:37:01

Log opened at 2017-07-14 15:37:29
I: Checking remote connect back address.
I: Checking header 'HTTP_X_FORWARDED_FOR'.
I: Checking header 'REMOTE_ADDR'.
I: Remote address found, connecting to 172.17.0.1:8888.
E: Could not connect to client. :-(
Log closed at 2017-07-14 15:37:29

Log opened at 2017-07-14 15:37:55
I: Checking remote connect back address.
I: Checking header 'HTTP_X_FORWARDED_FOR'.
I: Checking header 'REMOTE_ADDR'.
I: Remote address found, connecting to 172.17.0.1:8888.
E: Could not connect to client. :-(
Log closed at 2017-07-14 15:37:55

Log opened at 2017-07-14 15:38:17
I: Checking remote connect back address.
I: Checking header 'HTTP_X_FORWARDED_FOR'.
I: Checking header 'REMOTE_ADDR'.
I: Remote address found, connecting to 172.17.0.1:8888.
E: Could not connect to client. :-(
Log closed at 2017-07-14 15:38:17

Log opened at 2017-07-14 15:38:45
I: Checking remote connect back address.
I: Checking header 'HTTP_X_FORWARDED_FOR'.
I: Checking header 'REMOTE_ADDR'.
I: Remote address found, connecting to 172.17.0.1:8888.
E: Could not connect to client. :-(
Log closed at 2017-07-14 15:38:45

Log opened at 2017-07-14 15:38:54
I: Checking remote connect back address.
I: Checking header 'HTTP_X_FORWARDED_FOR'.
I: Checking header 'REMOTE_ADDR'.
I: Remote address found, connecting to 172.17.0.1:8888.
E: Could not connect to client. :-(
Log closed at 2017-07-14 15:38:54

Log opened at 2017-07-14 15:41:03
I: Checking remote connect back address.
I: Checking header 'HTTP_X_FORWARDED_FOR'.
I: Checking header 'REMOTE_ADDR'.
I: Remote address found, connecting to 172.17.0.1:8888.
E: Could not connect to client. :-(
Log closed at 2017-07-14 15:41:03

Log opened at 2017-07-14 15:41:24
I: Checking remote connect back address.
I: Checking header 'HTTP_X_FORWARDED_FOR'.
I: Checking header 'REMOTE_ADDR'.
I: Remote address found, connecting to 172.17.0.1:8888.
E: Could not connect to client. :-(
Log closed at 2017-07-14 15:41:24

Log opened at 2017-07-14 15:41:33
I: Checking remote connect back address.
I: Checking header 'HTTP_X_FORWARDED_FOR'.
I: Checking header 'REMOTE_ADDR'.
I: Remote address found, connecting to 172.17.0.1:8888.
E: Could not connect to client. :-(
Log closed at 2017-07-14 15:41:33

Log opened at 2017-07-14 15:42:03
I: Checking remote connect back address.
I: Checking header 'HTTP_X_FORWARDED_FOR'.
I: Checking header 'REMOTE_ADDR'.
I: Remote address found, connecting to 172.17.0.1:8888.
E: Could not connect to client. :-(
Log closed at 2017-07-14 15:42:03

Log opened at 2017-07-14 15:46:28
I: Checking remote connect back address.
I: Checking header 'HTTP_X_FORWARDED_FOR'.
I: Checking header 'REMOTE_ADDR'.
I: Remote address found, connecting to 172.17.0.1:8888.
E: Could not connect to client. :-(
Log closed at 2017-07-14 15:46:28

Log opened at 2017-07-14 15:46:49
I: Checking remote connect back address.
I: Checking header 'HTTP_X_FORWARDED_FOR'.
I: Checking header 'REMOTE_ADDR'.
I: Remote address found, connecting to 172.17.0.1:8888.
E: Could not connect to client. :-(
Log closed at 2017-07-14 15:46:49

Log opened at 2017-07-14 15:48:09
I: Checking remote connect back address.
I: Checking header 'HTTP_X_FORWARDED_FOR'.
I: Checking header 'REMOTE_ADDR'.
I: Remote address found, connecting to 172.17.0.1:8888.
E: Could not connect to client. :-(
Log closed at 2017-07-14 15:48:09

Log opened at 2017-07-14 15:48:26
I: Checking remote connect back address.
I: Checking header 'HTTP_X_FORWARDED_FOR'.
I: Checking header 'REMOTE_ADDR'.
I: Remote address found, connecting to 172.17.0.1:8888.
E: Could not connect to client. :-(
Log closed at 2017-07-14 15:48:26

Log opened at 2017-07-14 16:49:57
I: Checking remote connect back address.
I: Checking header 'HTTP_X_FORWARDED_FOR'.
I: Checking header 'REMOTE_ADDR'.
I: Remote address found, connecting to 172.17.0.1:8888.
E: Could not connect to client. :-(
Log closed at 2017-07-14 16:49:57

Log opened at 2017-07-14 16:50:19
I: Checking remote connect back address.
I: Checking header 'HTTP_X_FORWARDED_FOR'.
I: Checking header 'REMOTE_ADDR'.
I: Remote address found, connecting to 172.17.0.1:8888.
E: Could not connect to client. :-(
Log closed at 2017-07-14 16:50:19

Log opened at 2017-07-14 17:11:27
I: Checking remote connect back address.
I: Checking header 'HTTP_X_FORWARDED_FOR'.
I: Checking header 'REMOTE_ADDR'.
I: Remote address found, connecting to 172.17.0.1:8888.
E: Could not connect to client. :-(
Log closed at 2017-07-14 17:11:27

Log opened at 2017-07-14 17:11:45
I: Checking remote connect back address.
I: Checking header 'HTTP_X_FORWARDED_FOR'.
I: Checking header 'REMOTE_ADDR'.
I: Remote address found, connecting to 172.17.0.1:8888.
E: Could not connect to client. :-(
Log closed at 2017-07-14 17:11:45

Log opened at 2017-07-14 17:12:06
I: Checking remote connect back address.
I: Checking header 'HTTP_X_FORWARDED_FOR'.
I: Checking header 'REMOTE_ADDR'.
I: Remote address found, connecting to 172.17.0.1:8888.
E: Could not connect to client. :-(
Log closed at 2017-07-14 17:12:06

Log opened at 2017-07-14 17:12:30
I: Checking remote connect back address.
I: Checking header 'HTTP_X_FORWARDED_FOR'.
I: Checking header 'REMOTE_ADDR'.
I: Remote address found, connecting to 172.17.0.1:8888.
E: Could not connect to client. :-(
Log closed at 2017-07-14 17:12:30

Log opened at 2017-07-14 17:12:57
I: Checking remote connect back address.
I: Checking header 'HTTP_X_FORWARDED_FOR'.
I: Checking header 'REMOTE_ADDR'.
I: Remote address found, connecting to 172.17.0.1:8888.
E: Could not connect to client. :-(
Log closed at 2017-07-14 17:12:57

Log opened at 2017-07-14 17:13:13
I: Checking remote connect back address.
I: Checking header 'HTTP_X_FORWARDED_FOR'.
I: Checking header 'REMOTE_ADDR'.
I: Remote address found, connecting to 172.17.0.1:8888.
E: Could not connect to client. :-(
Log closed at 2017-07-14 17:13:13

Log opened at 2017-07-14 17:18:19
I: Checking remote connect back address.
I: Checking header 'HTTP_X_FORWARDED_FOR'.
I: Checking header 'REMOTE_ADDR'.
I: Remote address found, connecting to 172.17.0.1:8888.
E: Could not connect to client. :-(
Log closed at 2017-07-14 17:18:19

Log opened at 2017-07-14 17:21:26
I: Checking remote connect back address.
I: Checking header 'HTTP_X_FORWARDED_FOR'.
I: Checking header 'REMOTE_ADDR'.
I: Remote address found, connecting to 172.17.0.1:8888.
E: Could not connect to client. :-(
Log closed at 2017-07-14 17:21:26

Log opened at 2017-07-14 17:21:38
I: Checking remote connect back address.
I: Checking header 'HTTP_X_FORWARDED_FOR'.
I: Checking header 'REMOTE_ADDR'.
I: Remote address found, connecting to 172.17.0.1:8888.
E: Could not connect to client. :-(
Log closed at 2017-07-14 17:21:38

Log opened at 2017-07-14 17:21:58
I: Checking remote connect back address.
I: Checking header 'HTTP_X_FORWARDED_FOR'.
I: Checking header 'REMOTE_ADDR'.
I: Remote address found, connecting to 172.17.0.1:8888.
E: Could not connect to client. :-(
Log closed at 2017-07-14 17:21:58

Log opened at 2017-07-14 19:35:01
I: Checking remote connect back address.
I: Checking header 'HTTP_X_FORWARDED_FOR'.
I: Checking header 'REMOTE_ADDR'.
I: Remote address found, connecting to 172.17.0.1:8888.
E: Could not connect to client. :-(
Log closed at 2017-07-14 19:35:01

Log opened at 2017-07-14 20:51:05
I: Checking remote connect back address.
I: Checking header 'HTTP_X_FORWARDED_FOR'.
I: Checking header 'REMOTE_ADDR'.
I: Remote address found, connecting to 172.17.0.1:8888.
E: Could not connect to client. :-(
Log closed at 2017-07-14 20:51:05

Log opened at 2017-07-14 20:51:18
I: Checking remote connect back address.
I: Checking header 'HTTP_X_FORWARDED_FOR'.
I: Checking header 'REMOTE_ADDR'.
I: Remote address found, connecting to 172.17.0.1:8888.
E: Could not connect to client. :-(
Log closed at 2017-07-14 20:51:18

Log opened at 2017-07-14 21:08:28
I: Checking remote connect back address.
I: Checking header 'HTTP_X_FORWARDED_FOR'.
I: Checking header 'REMOTE_ADDR'.
I: Remote address found, connecting to 172.17.0.1:8888.
E: Could not connect to client. :-(
Log closed at 2017-07-14 21:08:28

Log opened at 2017-07-14 21:09:12
I: Checking remote connect back address.
I: Checking header 'HTTP_X_FORWARDED_FOR'.
I: Checking header 'REMOTE_ADDR'.
I: Remote address found, connecting to 172.17.0.1:8888.
E: Could not connect to client. :-(
Log closed at 2017-07-14 21:09:12

Log opened at 2017-07-14 21:09:58
I: Checking remote connect back address.
I: Checking header 'HTTP_X_FORWARDED_FOR'.
I: Checking header 'REMOTE_ADDR'.
I: Remote address found, connecting to 172.17.0.1:8888.
E: Could not connect to client. :-(
Log closed at 2017-07-14 21:09:58

Log opened at 2017-07-14 21:19:15
I: Checking remote connect back address.
I: Checking header 'HTTP_X_FORWARDED_FOR'.
I: Checking header 'REMOTE_ADDR'.
I: Remote address found, connecting to 172.17.0.1:8888.
E: Could not connect to client. :-(
Log closed at 2017-07-14 21:19:15

Log opened at 2017-07-14 21:19:46
I: Checking remote connect back address.
I: Checking header 'HTTP_X_FORWARDED_FOR'.
I: Checking header 'REMOTE_ADDR'.
I: Remote address found, connecting to 172.17.0.1:8888.
E: Could not connect to client. :-(
Log closed at 2017-07-14 21:19:46

Log opened at 2017-07-14 21:26:05
I: Checking remote connect back address.
I: Checking header 'HTTP_X_FORWARDED_FOR'.
I: Checking header 'REMOTE_ADDR'.
I: Remote address found, connecting to 172.17.0.1:8888.
E: Could not connect to client. :-(
Log closed at 2017-07-14 21:26:05

Log opened at 2017-07-14 21:26:24
I: Checking remote connect back address.
I: Checking header 'HTTP_X_FORWARDED_FOR'.
I: Checking header 'REMOTE_ADDR'.
I: Remote address found, connecting to 172.17.0.1:8888.
E: Could not connect to client. :-(
Log closed at 2017-07-14 21:26:24

Log opened at 2017-07-14 22:38:08
I: Checking remote connect back address.
I: Checking header 'HTTP_X_FORWARDED_FOR'.
I: Checking header 'REMOTE_ADDR'.
I: Remote address found, connecting to 172.17.0.1:8888.
E: Could not connect to client. :-(
Log closed at 2017-07-14 22:38:08

Log opened at 2017-07-14 22:38:30
I: Checking remote connect back address.
I: Checking header 'HTTP_X_FORWARDED_FOR'.
I: Checking header 'REMOTE_ADDR'.
I: Remote address found, connecting to 172.17.0.1:8888.
E: Could not connect to client. :-(
Log closed at 2017-07-14 22:38:30

Log opened at 2017-07-14 22:38:35
I: Checking remote connect back address.
I: Checking header 'HTTP_X_FORWARDED_FOR'.
I: Checking header 'REMOTE_ADDR'.
I: Remote address found, connecting to 172.17.0.1:8888.
E: Could not connect to client. :-(
Log closed at 2017-07-14 22:38:35

Log opened at 2017-07-14 22:40:11
I: Checking remote connect back address.
I: Checking header 'HTTP_X_FORWARDED_FOR'.
I: Checking header 'REMOTE_ADDR'.
I: Remote address found, connecting to 172.17.0.1:8888.
E: Could not connect to client. :-(
Log closed at 2017-07-14 22:40:11

Log opened at 2017-07-14 22:40:44
I: Checking remote connect back address.
I: Checking header 'HTTP_X_FORWARDED_FOR'.
I: Checking header 'REMOTE_ADDR'.
I: Remote address found, connecting to 172.17.0.1:8888.
E: Could not connect to client. :-(
Log closed at 2017-07-14 22:40:44

Log opened at 2017-07-14 23:06:34
I: Checking remote connect back address.
I: Checking header 'HTTP_X_FORWARDED_FOR'.
I: Checking header 'REMOTE_ADDR'.
I: Remote address found, connecting to 172.17.0.1:8888.
E: Could not connect to client. :-(
Log closed at 2017-07-14 23:06:34

Log opened at 2017-07-14 23:09:04
I: Checking remote connect back address.
I: Checking header 'HTTP_X_FORWARDED_FOR'.
I: Checking header 'REMOTE_ADDR'.
I: Remote address found, connecting to 172.17.0.1:8888.
E: Could not connect to client. :-(
Log closed at 2017-07-14 23:09:04

Log opened at 2017-07-14 23:09:59
I: Checking remote connect back address.
I: Checking header 'HTTP_X_FORWARDED_FOR'.
I: Checking header 'REMOTE_ADDR'.
I: Remote address found, connecting to 172.17.0.1:8888.
E: Could not connect to client. :-(
Log closed at 2017-07-14 23:09:59

Log opened at 2017-07-14 23:10:32
I: Checking remote connect back address.
I: Checking header 'HTTP_X_FORWARDED_FOR'.
I: Checking header 'REMOTE_ADDR'.
I: Remote address found, connecting to 172.17.0.1:8888.
E: Could not connect to client. :-(
Log closed at 2017-07-14 23:10:32

Log opened at 2017-07-14 23:11:20
I: Checking remote connect back address.
I: Checking header 'HTTP_X_FORWARDED_FOR'.
I: Checking header 'REMOTE_ADDR'.
I: Remote address found, connecting to 172.17.0.1:8888.
E: Could not connect to client. :-(
Log closed at 2017-07-14 23:11:20

Log opened at 2017-07-14 23:13:07
I: Checking remote connect back address.
I: Checking header 'HTTP_X_FORWARDED_FOR'.
I: Checking header 'REMOTE_ADDR'.
I: Remote address found, connecting to 172.17.0.1:8888.
E: Could not connect to client. :-(
Log closed at 2017-07-14 23:13:07

Log opened at 2017-07-14 23:14:03
I: Checking remote connect back address.
I: Checking header 'HTTP_X_FORWARDED_FOR'.
I: Checking header 'REMOTE_ADDR'.
I: Remote address found, connecting to 172.17.0.1:8888.
E: Could not connect to client. :-(
Log closed at 2017-07-14 23:14:03

Log opened at 2017-07-14 23:16:14
I: Checking remote connect back address.
I: Checking header 'HTTP_X_FORWARDED_FOR'.
I: Checking header 'REMOTE_ADDR'.
I: Remote address found, connecting to 172.17.0.1:8888.
E: Could not connect to client. :-(
Log closed at 2017-07-14 23:16:14

Log opened at 2017-07-14 23:17:24
I: Checking remote connect back address.
I: Checking header 'HTTP_X_FORWARDED_FOR'.
I: Checking header 'REMOTE_ADDR'.
I: Remote address found, connecting to 172.17.0.1:8888.
E: Could not connect to client. :-(
Log closed at 2017-07-14 23:17:24

Log opened at 2017-07-14 23:17:31
I: Checking remote connect back address.
I: Checking header 'HTTP_X_FORWARDED_FOR'.
I: Checking header 'REMOTE_ADDR'.
I: Remote address found, connecting to 172.17.0.1:8888.
E: Could not connect to client. :-(
Log closed at 2017-07-14 23:17:31

Log opened at 2017-07-14 23:17:57
I: Checking remote connect back address.
I: Checking header 'HTTP_X_FORWARDED_FOR'.
I: Checking header 'REMOTE_ADDR'.
I: Remote address found, connecting to 172.17.0.1:8888.
E: Could not connect to client. :-(
Log closed at 2017-07-14 23:17:57

Log opened at 2017-07-14 23:18:32
I: Checking remote connect back address.
I: Checking header 'HTTP_X_FORWARDED_FOR'.
I: Checking header 'REMOTE_ADDR'.
I: Remote address found, connecting to 172.17.0.1:8888.
E: Could not connect to client. :-(
Log closed at 2017-07-14 23:18:32

Log opened at 2017-07-14 23:18:47
I: Checking remote connect back address.
I: Checking header 'HTTP_X_FORWARDED_FOR'.
I: Checking header 'REMOTE_ADDR'.
I: Remote address found, connecting to 172.17.0.1:8888.
E: Could not connect to client. :-(
Log closed at 2017-07-14 23:18:47

Log opened at 2017-07-14 23:19:00
I: Checking remote connect back address.
I: Checking header 'HTTP_X_FORWARDED_FOR'.
I: Checking header 'REMOTE_ADDR'.
I: Remote address found, connecting to 172.17.0.1:8888.
E: Could not connect to client. :-(
Log closed at 2017-07-14 23:19:00

Log opened at 2017-07-14 23:19:12
I: Checking remote connect back address.
I: Checking header 'HTTP_X_FORWARDED_FOR'.
I: Checking header 'REMOTE_ADDR'.
I: Remote address found, connecting to 172.17.0.1:8888.
E: Could not connect to client. :-(
Log closed at 2017-07-14 23:19:12

Log opened at 2017-07-14 23:19:51
I: Checking remote connect back address.
I: Checking header 'HTTP_X_FORWARDED_FOR'.
I: Checking header 'REMOTE_ADDR'.
I: Remote address found, connecting to 172.17.0.1:8888.
E: Could not connect to client. :-(
Log closed at 2017-07-14 23:19:51

Log opened at 2017-07-14 23:20:15
I: Checking remote connect back address.
I: Checking header 'HTTP_X_FORWARDED_FOR'.
I: Checking header 'REMOTE_ADDR'.
I: Remote address found, connecting to 172.17.0.1:8888.
E: Could not connect to client. :-(
Log closed at 2017-07-14 23:20:15

Log opened at 2017-07-14 23:21:12
I: Checking remote connect back address.
I: Checking header 'HTTP_X_FORWARDED_FOR'.
I: Checking header 'REMOTE_ADDR'.
I: Remote address found, connecting to 172.17.0.1:8888.
E: Could not connect to client. :-(
Log closed at 2017-07-14 23:21:12

Log opened at 2017-07-14 23:21:28
I: Checking remote connect back address.
I: Checking header 'HTTP_X_FORWARDED_FOR'.
I: Checking header 'REMOTE_ADDR'.
I: Remote address found, connecting to 172.17.0.1:8888.
E: Could not connect to client. :-(
Log closed at 2017-07-14 23:21:28

Log opened at 2017-07-14 23:56:56
I: Checking remote connect back address.
I: Checking header 'HTTP_X_FORWARDED_FOR'.
I: Checking header 'REMOTE_ADDR'.
I: Remote address found, connecting to 172.17.0.1:8888.
E: Could not connect to client. :-(
Log closed at 2017-07-14 23:56:56

Log opened at 2017-07-14 23:57:42
I: Checking remote connect back address.
I: Checking header 'HTTP_X_FORWARDED_FOR'.
I: Checking header 'REMOTE_ADDR'.
I: Remote address found, connecting to 172.17.0.1:8888.
E: Could not connect to client. :-(
Log closed at 2017-07-14 23:57:42

Log opened at 2017-07-14 23:58:14
I: Checking remote connect back address.
I: Checking header 'HTTP_X_FORWARDED_FOR'.
I: Checking header 'REMOTE_ADDR'.
I: Remote address found, connecting to 172.17.0.1:8888.
E: Could not connect to client. :-(
Log closed at 2017-07-14 23:58:14

Log opened at 2017-07-15 00:03:43
I: Checking remote connect back address.
I: Checking header 'HTTP_X_FORWARDED_FOR'.
I: Checking header 'REMOTE_ADDR'.
I: Remote address found, connecting to 172.17.0.1:8888.
E: Could not connect to client. :-(
Log closed at 2017-07-15 00:03:43

Log opened at 2017-07-15 00:05:21
I: Checking remote connect back address.
I: Checking header 'HTTP_X_FORWARDED_FOR'.
I: Checking header 'REMOTE_ADDR'.
I: Remote address found, connecting to 172.17.0.1:8888.
E: Could not connect to client. :-(
Log closed at 2017-07-15 00:05:21

Log opened at 2017-07-15 00:12:01
I: Checking remote connect back address.
I: Checking header 'HTTP_X_FORWARDED_FOR'.
I: Checking header 'REMOTE_ADDR'.
I: Remote address found, connecting to 172.17.0.1:8888.
E: Could not connect to client. :-(
Log closed at 2017-07-15 00:12:01

Log opened at 2017-07-15 00:12:07
I: Checking remote connect back address.
I: Checking header 'HTTP_X_FORWARDED_FOR'.
I: Checking header 'REMOTE_ADDR'.
I: Remote address found, connecting to 172.17.0.1:8888.
E: Could not connect to client. :-(
Log closed at 2017-07-15 00:12:07

Log opened at 2017-07-15 00:38:28
I: Checking remote connect back address.
I: Checking header 'HTTP_X_FORWARDED_FOR'.
I: Checking header 'REMOTE_ADDR'.
I: Remote address found, connecting to 172.17.0.1:8888.
E: Could not connect to client. :-(
Log closed at 2017-07-15 00:38:28

Log opened at 2017-07-15 00:39:28
I: Checking remote connect back address.
I: Checking header 'HTTP_X_FORWARDED_FOR'.
I: Checking header 'REMOTE_ADDR'.
I: Remote address found, connecting to 172.17.0.1:8888.
E: Could not connect to client. :-(
Log closed at 2017-07-15 00:39:28

Log opened at 2017-07-15 00:39:39
I: Checking remote connect back address.
I: Checking header 'HTTP_X_FORWARDED_FOR'.
I: Checking header 'REMOTE_ADDR'.
I: Remote address found, connecting to 172.17.0.1:8888.
E: Could not connect to client. :-(
Log closed at 2017-07-15 00:39:39

Log opened at 2017-07-15 00:40:11
I: Checking remote connect back address.
I: Checking header 'HTTP_X_FORWARDED_FOR'.
I: Checking header 'REMOTE_ADDR'.
I: Remote address found, connecting to 172.17.0.1:8888.
E: Could not connect to client. :-(
Log closed at 2017-07-15 00:40:11

Log opened at 2017-07-15 00:40:46
I: Checking remote connect back address.
I: Checking header 'HTTP_X_FORWARDED_FOR'.
I: Checking header 'REMOTE_ADDR'.
I: Remote address found, connecting to 172.17.0.1:8888.
E: Could not connect to client. :-(
Log closed at 2017-07-15 00:40:46

Log opened at 2017-07-15 00:45:01
I: Checking remote connect back address.
I: Checking header 'HTTP_X_FORWARDED_FOR'.
I: Checking header 'REMOTE_ADDR'.
I: Remote address found, connecting to 172.17.0.1:8888.
E: Could not connect to client. :-(
Log closed at 2017-07-15 00:45:01

Log opened at 2017-07-15 00:45:09
I: Checking remote connect back address.
I: Checking header 'HTTP_X_FORWARDED_FOR'.
I: Checking header 'REMOTE_ADDR'.
I: Remote address found, connecting to 172.17.0.1:8888.
E: Could not connect to client. :-(
Log closed at 2017-07-15 00:45:09

Log opened at 2017-07-15 00:45:13
I: Checking remote connect back address.
I: Checking header 'HTTP_X_FORWARDED_FOR'.
I: Checking header 'REMOTE_ADDR'.
I: Remote address found, connecting to 172.17.0.1:8888.
E: Could not connect to client. :-(
Log closed at 2017-07-15 00:45:13

Log opened at 2017-07-15 00:45:18
I: Checking remote connect back address.
I: Checking header 'HTTP_X_FORWARDED_FOR'.
I: Checking header 'REMOTE_ADDR'.
I: Remote address found, connecting to 172.17.0.1:8888.
E: Could not connect to client. :-(
Log closed at 2017-07-15 00:45:18

Log opened at 2017-07-15 00:45:23
I: Checking remote connect back address.
I: Checking header 'HTTP_X_FORWARDED_FOR'.
I: Checking header 'REMOTE_ADDR'.
I: Remote address found, connecting to 172.17.0.1:8888.
E: Could not connect to client. :-(
Log closed at 2017-07-15 00:45:23

Log opened at 2017-07-15 00:45:26
I: Checking remote connect back address.
I: Checking header 'HTTP_X_FORWARDED_FOR'.
I: Checking header 'REMOTE_ADDR'.
I: Remote address found, connecting to 172.17.0.1:8888.
E: Could not connect to client. :-(
Log closed at 2017-07-15 00:45:26

Log opened at 2017-07-15 00:45:30
I: Checking remote connect back address.
I: Checking header 'HTTP_X_FORWARDED_FOR'.
I: Checking header 'REMOTE_ADDR'.
I: Remote address found, connecting to 172.17.0.1:8888.
E: Could not connect to client. :-(
Log closed at 2017-07-15 00:45:30

Log opened at 2017-07-15 00:45:35
I: Checking remote connect back address.
I: Checking header 'HTTP_X_FORWARDED_FOR'.
I: Checking header 'REMOTE_ADDR'.
I: Remote address found, connecting to 172.17.0.1:8888.
E: Could not connect to client. :-(
Log closed at 2017-07-15 00:45:35

Log opened at 2017-07-15 00:45:47
I: Checking remote connect back address.
I: Checking header 'HTTP_X_FORWARDED_FOR'.
I: Checking header 'REMOTE_ADDR'.
I: Remote address found, connecting to 172.17.0.1:8888.
E: Could not connect to client. :-(
Log closed at 2017-07-15 00:45:47

Log opened at 2017-07-15 00:46:35
I: Checking remote connect back address.
I: Checking header 'HTTP_X_FORWARDED_FOR'.
I: Checking header 'REMOTE_ADDR'.
I: Remote address found, connecting to 172.17.0.1:8888.
E: Could not connect to client. :-(
Log closed at 2017-07-15 00:46:35

Log opened at 2017-07-15 00:46:38
I: Checking remote connect back address.
I: Checking header 'HTTP_X_FORWARDED_FOR'.
I: Checking header 'REMOTE_ADDR'.
I: Remote address found, connecting to 172.17.0.1:8888.
E: Could not connect to client. :-(
Log closed at 2017-07-15 00:46:38

Log opened at 2017-07-15 00:46:41
I: Checking remote connect back address.
I: Checking header 'HTTP_X_FORWARDED_FOR'.
I: Checking header 'REMOTE_ADDR'.
I: Remote address found, connecting to 172.17.0.1:8888.
E: Could not connect to client. :-(
Log closed at 2017-07-15 00:46:41

Log opened at 2017-07-15 00:46:44
I: Checking remote connect back address.
I: Checking header 'HTTP_X_FORWARDED_FOR'.
I: Checking header 'REMOTE_ADDR'.
I: Remote address found, connecting to 172.17.0.1:8888.
E: Could not connect to client. :-(
Log closed at 2017-07-15 00:46:44

Log opened at 2017-07-15 00:46:48
I: Checking remote connect back address.
I: Checking header 'HTTP_X_FORWARDED_FOR'.
I: Checking header 'REMOTE_ADDR'.
I: Remote address found, connecting to 172.17.0.1:8888.
E: Could not connect to client. :-(
Log closed at 2017-07-15 00:46:48

Log opened at 2017-07-15 00:46:52
I: Checking remote connect back address.
I: Checking header 'HTTP_X_FORWARDED_FOR'.
I: Checking header 'REMOTE_ADDR'.
I: Remote address found, connecting to 172.17.0.1:8888.
E: Could not connect to client. :-(
Log closed at 2017-07-15 00:46:52

Log opened at 2017-07-15 00:53:20
I: Checking remote connect back address.
I: Checking header 'HTTP_X_FORWARDED_FOR'.
I: Checking header 'REMOTE_ADDR'.
I: Remote address found, connecting to 172.17.0.1:8888.
E: Could not connect to client. :-(
Log closed at 2017-07-15 00:53:20

Log opened at 2017-07-15 00:53:24
I: Checking remote connect back address.
I: Checking header 'HTTP_X_FORWARDED_FOR'.
I: Checking header 'REMOTE_ADDR'.
I: Remote address found, connecting to 172.17.0.1:8888.
E: Could not connect to client. :-(
Log closed at 2017-07-15 00:53:24

Log opened at 2017-07-15 00:53:27
I: Checking remote connect back address.
I: Checking header 'HTTP_X_FORWARDED_FOR'.
I: Checking header 'REMOTE_ADDR'.
I: Remote address found, connecting to 172.17.0.1:8888.
E: Could not connect to client. :-(
Log closed at 2017-07-15 00:53:27

Log opened at 2017-07-15 00:53:30
I: Checking remote connect back address.
I: Checking header 'HTTP_X_FORWARDED_FOR'.
I: Checking header 'REMOTE_ADDR'.
I: Remote address found, connecting to 172.17.0.1:8888.
E: Could not connect to client. :-(
Log closed at 2017-07-15 00:53:30

Log opened at 2017-07-15 00:53:32
I: Checking remote connect back address.
I: Checking header 'HTTP_X_FORWARDED_FOR'.
I: Checking header 'REMOTE_ADDR'.
I: Remote address found, connecting to 172.17.0.1:8888.
E: Could not connect to client. :-(
Log closed at 2017-07-15 00:53:32

Log opened at 2017-07-15 00:53:36
I: Checking remote connect back address.
I: Checking header 'HTTP_X_FORWARDED_FOR'.
I: Checking header 'REMOTE_ADDR'.
I: Remote address found, connecting to 172.17.0.1:8888.
E: Could not connect to client. :-(
Log closed at 2017-07-15 00:53:36

Log opened at 2017-07-15 00:53:39
I: Checking remote connect back address.
I: Checking header 'HTTP_X_FORWARDED_FOR'.
I: Checking header 'REMOTE_ADDR'.
I: Remote address found, connecting to 172.17.0.1:8888.
E: Could not connect to client. :-(
Log closed at 2017-07-15 00:53:39

Log opened at 2017-07-15 00:53:43
I: Checking remote connect back address.
I: Checking header 'HTTP_X_FORWARDED_FOR'.
I: Checking header 'REMOTE_ADDR'.
I: Remote address found, connecting to 172.17.0.1:8888.
E: Could not connect to client. :-(
Log closed at 2017-07-15 00:53:43

Log opened at 2017-07-16 16:09:01
I: Checking remote connect back address.
I: Checking header 'HTTP_X_FORWARDED_FOR'.
I: Checking header 'REMOTE_ADDR'.
I: Remote address found, connecting to 172.17.0.1:8888.
E: Could not connect to client. :-(
Log closed at 2017-07-16 16:09:01

Log opened at 2017-07-16 16:09:11
I: Checking remote connect back address.
I: Checking header 'HTTP_X_FORWARDED_FOR'.
I: Checking header 'REMOTE_ADDR'.
I: Remote address found, connecting to 172.17.0.1:8888.
E: Could not connect to client. :-(
Log closed at 2017-07-16 16:09:11

Log opened at 2017-07-16 16:09:23
I: Checking remote connect back address.
I: Checking header 'HTTP_X_FORWARDED_FOR'.
I: Checking header 'REMOTE_ADDR'.
I: Remote address found, connecting to 172.17.0.1:8888.
E: Could not connect to client. :-(
Log closed at 2017-07-16 16:09:23

Log opened at 2017-07-16 16:10:53
I: Checking remote connect back address.
I: Checking header 'HTTP_X_FORWARDED_FOR'.
I: Checking header 'REMOTE_ADDR'.
I: Remote address found, connecting to 172.17.0.1:8888.
E: Could not connect to client. :-(
Log closed at 2017-07-16 16:10:53

Log opened at 2017-07-16 16:11:13
I: Checking remote connect back address.
I: Checking header 'HTTP_X_FORWARDED_FOR'.
I: Checking header 'REMOTE_ADDR'.
I: Remote address found, connecting to 172.17.0.1:8888.
E: Could not connect to client. :-(
Log closed at 2017-07-16 16:11:13

Log opened at 2017-07-29 21:20:08
I: Checking remote connect back address.
I: Checking header 'HTTP_X_FORWARDED_FOR'.
I: Checking header 'REMOTE_ADDR'.
I: Remote address found, connecting to 172.17.0.1:8888.
E: Could not connect to client. :-(
Log closed at 2017-07-29 21:20:08

Log opened at 2017-07-29 21:20:29
I: Checking remote connect back address.
I: Checking header 'HTTP_X_FORWARDED_FOR'.
I: Checking header 'REMOTE_ADDR'.
I: Remote address found, connecting to 172.17.0.1:8888.
E: Could not connect to client. :-(
Log closed at 2017-07-29 21:20:29

Log opened at 2017-07-30 01:16:30
I: Checking remote connect back address.
I: Checking header 'HTTP_X_FORWARDED_FOR'.
I: Checking header 'REMOTE_ADDR'.
I: Remote address found, connecting to 172.17.0.1:8888.
E: Could not connect to client. :-(
Log closed at 2017-07-30 01:16:30

Log opened at 2017-07-30 01:16:54
I: Checking remote connect back address.
I: Checking header 'HTTP_X_FORWARDED_FOR'.
I: Checking header 'REMOTE_ADDR'.
I: Remote address found, connecting to 172.17.0.1:8888.
E: Could not connect to client. :-(
Log closed at 2017-07-30 01:16:54

Log opened at 2017-07-30 01:17:09
I: Checking remote connect back address.
I: Checking header 'HTTP_X_FORWARDED_FOR'.
I: Checking header 'REMOTE_ADDR'.
I: Remote address found, connecting to 172.17.0.1:8888.
E: Could not connect to client. :-(
Log closed at 2017-07-30 01:17:09

Log opened at 2017-07-30 01:17:39
I: Checking remote connect back address.
I: Checking header 'HTTP_X_FORWARDED_FOR'.
I: Checking header 'REMOTE_ADDR'.
I: Remote address found, connecting to 172.17.0.1:8888.
E: Could not connect to client. :-(
Log closed at 2017-07-30 01:17:39

Log opened at 2017-07-30 01:18:30
I: Checking remote connect back address.
I: Checking header 'HTTP_X_FORWARDED_FOR'.
I: Checking header 'REMOTE_ADDR'.
I: Remote address found, connecting to 172.17.0.1:8888.
E: Could not connect to client. :-(
Log closed at 2017-07-30 01:18:30

Log opened at 2017-07-30 01:18:38
I: Checking remote connect back address.
I: Checking header 'HTTP_X_FORWARDED_FOR'.
I: Checking header 'REMOTE_ADDR'.
I: Remote address found, connecting to 172.17.0.1:8888.
E: Could not connect to client. :-(
Log closed at 2017-07-30 01:18:38

Log opened at 2017-07-30 01:19:07
I: Checking remote connect back address.
I: Checking header 'HTTP_X_FORWARDED_FOR'.
I: Checking header 'REMOTE_ADDR'.
I: Remote address found, connecting to 172.17.0.1:8888.
E: Could not connect to client. :-(
Log closed at 2017-07-30 01:19:07

Log opened at 2017-07-30 01:19:30
I: Checking remote connect back address.
I: Checking header 'HTTP_X_FORWARDED_FOR'.
I: Checking header 'REMOTE_ADDR'.
I: Remote address found, connecting to 172.17.0.1:8888.
E: Could not connect to client. :-(
Log closed at 2017-07-30 01:19:30

Log opened at 2017-07-30 01:20:29
I: Checking remote connect back address.
I: Checking header 'HTTP_X_FORWARDED_FOR'.
I: Checking header 'REMOTE_ADDR'.
I: Remote address found, connecting to 172.17.0.1:8888.
E: Could not connect to client. :-(
Log closed at 2017-07-30 01:20:29

Log opened at 2017-07-30 01:21:26
I: Checking remote connect back address.
I: Checking header 'HTTP_X_FORWARDED_FOR'.
I: Checking header 'REMOTE_ADDR'.
I: Remote address found, connecting to 172.17.0.1:8888.
E: Could not connect to client. :-(
Log closed at 2017-07-30 01:21:26

Log opened at 2017-07-30 01:21:41
I: Checking remote connect back address.
I: Checking header 'HTTP_X_FORWARDED_FOR'.
I: Checking header 'REMOTE_ADDR'.
I: Remote address found, connecting to 172.17.0.1:8888.
E: Could not connect to client. :-(
Log closed at 2017-07-30 01:21:41

Log opened at 2017-07-30 01:21:42
I: Checking remote connect back address.
I: Checking header 'HTTP_X_FORWARDED_FOR'.
I: Checking header 'REMOTE_ADDR'.
I: Remote address found, connecting to 172.17.0.1:8888.
E: Could not connect to client. :-(
Log closed at 2017-07-30 01:21:42

Log opened at 2017-07-30 01:21:42
I: Checking remote connect back address.
I: Checking header 'HTTP_X_FORWARDED_FOR'.
I: Checking header 'REMOTE_ADDR'.
I: Remote address found, connecting to 172.17.0.1:8888.
E: Could not connect to client. :-(
Log closed at 2017-07-30 01:21:42

Log opened at 2017-07-30 01:21:42
I: Checking remote connect back address.
I: Checking header 'HTTP_X_FORWARDED_FOR'.
I: Checking header 'REMOTE_ADDR'.
I: Remote address found, connecting to 172.17.0.1:8888.
E: Could not connect to client. :-(
Log closed at 2017-07-30 01:21:42

Log opened at 2017-07-30 01:21:43
I: Checking remote connect back address.
I: Checking header 'HTTP_X_FORWARDED_FOR'.
I: Checking header 'REMOTE_ADDR'.
I: Remote address found, connecting to 172.17.0.1:8888.
E: Could not connect to client. :-(
Log closed at 2017-07-30 01:21:43

Log opened at 2017-07-30 01:22:02
I: Checking remote connect back address.
I: Checking header 'HTTP_X_FORWARDED_FOR'.
I: Checking header 'REMOTE_ADDR'.
I: Remote address found, connecting to 172.17.0.1:8888.
E: Could not connect to client. :-(
Log closed at 2017-07-30 01:22:02

Log opened at 2017-07-30 01:22:23
I: Checking remote connect back address.
I: Checking header 'HTTP_X_FORWARDED_FOR'.
I: Checking header 'REMOTE_ADDR'.
I: Remote address found, connecting to 172.17.0.1:8888.
E: Could not connect to client. :-(
Log closed at 2017-07-30 01:22:23

Log opened at 2017-07-30 01:23:35
I: Checking remote connect back address.
I: Checking header 'HTTP_X_FORWARDED_FOR'.
I: Checking header 'REMOTE_ADDR'.
I: Remote address found, connecting to 172.17.0.1:8888.
E: Could not connect to client. :-(
Log closed at 2017-07-30 01:23:35

Log opened at 2017-07-30 01:25:02
I: Checking remote connect back address.
I: Checking header 'HTTP_X_FORWARDED_FOR'.
I: Checking header 'REMOTE_ADDR'.
I: Remote address found, connecting to 172.17.0.1:8888.
E: Could not connect to client. :-(
Log closed at 2017-07-30 01:25:02

Log opened at 2017-07-30 01:25:53
I: Checking remote connect back address.
I: Checking header 'HTTP_X_FORWARDED_FOR'.
I: Checking header 'REMOTE_ADDR'.
I: Remote address found, connecting to 172.17.0.1:8888.
E: Could not connect to client. :-(
Log closed at 2017-07-30 01:25:53

Log opened at 2017-07-30 01:26:15
I: Checking remote connect back address.
I: Checking header 'HTTP_X_FORWARDED_FOR'.
I: Checking header 'REMOTE_ADDR'.
I: Remote address found, connecting to 172.17.0.1:8888.
E: Could not connect to client. :-(
Log closed at 2017-07-30 01:26:15

Log opened at 2017-07-30 01:26:27
I: Checking remote connect back address.
I: Checking header 'HTTP_X_FORWARDED_FOR'.
I: Checking header 'REMOTE_ADDR'.
I: Remote address found, connecting to 172.17.0.1:8888.
E: Could not connect to client. :-(
Log closed at 2017-07-30 01:26:27

Log opened at 2017-07-30 01:27:33
I: Checking remote connect back address.
I: Checking header 'HTTP_X_FORWARDED_FOR'.
I: Checking header 'REMOTE_ADDR'.
I: Remote address found, connecting to 172.17.0.1:8888.
E: Could not connect to client. :-(
Log closed at 2017-07-30 01:27:33

Log opened at 2017-07-30 01:27:45
I: Checking remote connect back address.
I: Checking header 'HTTP_X_FORWARDED_FOR'.
I: Checking header 'REMOTE_ADDR'.
I: Remote address found, connecting to 172.17.0.1:8888.
E: Could not connect to client. :-(
Log closed at 2017-07-30 01:27:45

Log opened at 2017-07-30 01:30:48
I: Checking remote connect back address.
I: Checking header 'HTTP_X_FORWARDED_FOR'.
I: Checking header 'REMOTE_ADDR'.
I: Remote address found, connecting to 172.17.0.1:8888.
E: Could not connect to client. :-(
Log closed at 2017-07-30 01:30:48

Log opened at 2017-07-30 01:31:17
I: Checking remote connect back address.
I: Checking header 'HTTP_X_FORWARDED_FOR'.
I: Checking header 'REMOTE_ADDR'.
I: Remote address found, connecting to 172.17.0.1:8888.
E: Could not connect to client. :-(
Log closed at 2017-07-30 01:31:17

Log opened at 2017-07-30 01:31:17
I: Checking remote connect back address.
I: Checking header 'HTTP_X_FORWARDED_FOR'.
I: Checking header 'REMOTE_ADDR'.
I: Remote address found, connecting to 172.17.0.1:8888.
E: Could not connect to client. :-(
Log closed at 2017-07-30 01:31:17

Log opened at 2017-07-30 01:31:17
I: Checking remote connect back address.
I: Checking header 'HTTP_X_FORWARDED_FOR'.
I: Checking header 'REMOTE_ADDR'.
I: Remote address found, connecting to 172.17.0.1:8888.
E: Could not connect to client. :-(
Log closed at 2017-07-30 01:31:17

Log opened at 2017-07-30 01:32:12
I: Checking remote connect back address.
I: Checking header 'HTTP_X_FORWARDED_FOR'.
I: Checking header 'REMOTE_ADDR'.
I: Remote address found, connecting to 172.17.0.1:8888.
E: Could not connect to client. :-(
Log closed at 2017-07-30 01:32:12

Log opened at 2017-07-30 01:32:12
I: Checking remote connect back address.
I: Checking header 'HTTP_X_FORWARDED_FOR'.
I: Checking header 'REMOTE_ADDR'.
I: Remote address found, connecting to 172.17.0.1:8888.
E: Could not connect to client. :-(
Log closed at 2017-07-30 01:32:12

Log opened at 2017-07-30 01:32:12
I: Checking remote connect back address.
I: Checking header 'HTTP_X_FORWARDED_FOR'.
I: Checking header 'REMOTE_ADDR'.
I: Remote address found, connecting to 172.17.0.1:8888.
E: Could not connect to client. :-(
Log closed at 2017-07-30 01:32:12

Log opened at 2017-07-30 01:33:43
I: Checking remote connect back address.
I: Checking header 'HTTP_X_FORWARDED_FOR'.
I: Checking header 'REMOTE_ADDR'.
I: Remote address found, connecting to 172.17.0.1:8888.
E: Could not connect to client. :-(
Log closed at 2017-07-30 01:33:43

Log opened at 2017-07-30 01:33:43
I: Checking remote connect back address.
I: Checking header 'HTTP_X_FORWARDED_FOR'.
I: Checking header 'REMOTE_ADDR'.
I: Remote address found, connecting to 172.17.0.1:8888.
E: Could not connect to client. :-(
Log closed at 2017-07-30 01:33:43

Log opened at 2017-07-30 01:33:43
I: Checking remote connect back address.
I: Checking header 'HTTP_X_FORWARDED_FOR'.
I: Checking header 'REMOTE_ADDR'.
I: Remote address found, connecting to 172.17.0.1:8888.
E: Could not connect to client. :-(
Log closed at 2017-07-30 01:33:43

Log opened at 2017-07-30 01:34:32
I: Checking remote connect back address.
I: Checking header 'HTTP_X_FORWARDED_FOR'.
I: Checking header 'REMOTE_ADDR'.
I: Remote address found, connecting to 172.17.0.1:8888.
E: Could not connect to client. :-(
Log closed at 2017-07-30 01:34:32

Log opened at 2017-07-30 01:34:32
I: Checking remote connect back address.
I: Checking header 'HTTP_X_FORWARDED_FOR'.
I: Checking header 'REMOTE_ADDR'.
I: Remote address found, connecting to 172.17.0.1:8888.
E: Could not connect to client. :-(
Log closed at 2017-07-30 01:34:32

Log opened at 2017-07-30 01:34:32
I: Checking remote connect back address.
I: Checking header 'HTTP_X_FORWARDED_FOR'.
I: Checking header 'REMOTE_ADDR'.
I: Remote address found, connecting to 172.17.0.1:8888.
E: Could not connect to client. :-(
Log closed at 2017-07-30 01:34:32

Log opened at 2017-07-30 01:35:01
I: Checking remote connect back address.
I: Checking header 'HTTP_X_FORWARDED_FOR'.
I: Checking header 'REMOTE_ADDR'.
I: Remote address found, connecting to 172.17.0.1:8888.
E: Could not connect to client. :-(
Log closed at 2017-07-30 01:35:01

Log opened at 2017-07-30 01:35:01
I: Checking remote connect back address.
I: Checking header 'HTTP_X_FORWARDED_FOR'.
I: Checking header 'REMOTE_ADDR'.
I: Remote address found, connecting to 172.17.0.1:8888.
E: Could not connect to client. :-(
Log closed at 2017-07-30 01:35:01

Log opened at 2017-07-30 01:35:01
I: Checking remote connect back address.
I: Checking header 'HTTP_X_FORWARDED_FOR'.
I: Checking header 'REMOTE_ADDR'.
I: Remote address found, connecting to 172.17.0.1:8888.
E: Could not connect to client. :-(
Log closed at 2017-07-30 01:35:01

Log opened at 2017-07-30 01:48:22
I: Checking remote connect back address.
I: Checking header 'HTTP_X_FORWARDED_FOR'.
I: Checking header 'REMOTE_ADDR'.
I: Remote address found, connecting to 172.17.0.1:8888.
E: Could not connect to client. :-(
Log closed at 2017-07-30 01:48:22

Log opened at 2017-07-30 01:49:53
I: Checking remote connect back address.
I: Checking header 'HTTP_X_FORWARDED_FOR'.
I: Checking header 'REMOTE_ADDR'.
I: Remote address found, connecting to 172.17.0.1:8888.
E: Could not connect to client. :-(
Log closed at 2017-07-30 01:49:53

Log opened at 2017-07-30 01:50:18
I: Checking remote connect back address.
I: Checking header 'HTTP_X_FORWARDED_FOR'.
I: Checking header 'REMOTE_ADDR'.
I: Remote address found, connecting to 172.17.0.1:8888.
E: Could not connect to client. :-(
Log closed at 2017-07-30 01:50:18

Log opened at 2017-07-30 01:51:08
I: Checking remote connect back address.
I: Checking header 'HTTP_X_FORWARDED_FOR'.
I: Checking header 'REMOTE_ADDR'.
I: Remote address found, connecting to 172.17.0.1:8888.
E: Could not connect to client. :-(
Log closed at 2017-07-30 01:51:08

Log opened at 2017-07-30 01:52:08
I: Checking remote connect back address.
I: Checking header 'HTTP_X_FORWARDED_FOR'.
I: Checking header 'REMOTE_ADDR'.
I: Remote address found, connecting to 172.17.0.1:8888.
E: Could not connect to client. :-(
Log closed at 2017-07-30 01:52:08

Log opened at 2017-07-30 01:52:08
I: Checking remote connect back address.
I: Checking header 'HTTP_X_FORWARDED_FOR'.
I: Checking header 'REMOTE_ADDR'.
I: Remote address found, connecting to 172.17.0.1:8888.
E: Could not connect to client. :-(
Log closed at 2017-07-30 01:52:08

Log opened at 2017-07-30 01:52:08
I: Checking remote connect back address.
I: Checking header 'HTTP_X_FORWARDED_FOR'.
I: Checking header 'REMOTE_ADDR'.
I: Remote address found, connecting to 172.17.0.1:8888.
E: Could not connect to client. :-(
Log closed at 2017-07-30 01:52:08

Log opened at 2017-07-30 01:52:40
I: Checking remote connect back address.
I: Checking header 'HTTP_X_FORWARDED_FOR'.
I: Checking header 'REMOTE_ADDR'.
I: Remote address found, connecting to 172.17.0.1:8888.
E: Could not connect to client. :-(
Log closed at 2017-07-30 01:52:40

Log opened at 2017-07-30 01:53:12
I: Checking remote connect back address.
I: Checking header 'HTTP_X_FORWARDED_FOR'.
I: Checking header 'REMOTE_ADDR'.
I: Remote address found, connecting to 172.17.0.1:8888.
E: Could not connect to client. :-(
Log closed at 2017-07-30 01:53:12

Log opened at 2017-07-30 01:53:43
I: Checking remote connect back address.
I: Checking header 'HTTP_X_FORWARDED_FOR'.
I: Checking header 'REMOTE_ADDR'.
I: Remote address found, connecting to 172.17.0.1:8888.
E: Could not connect to client. :-(
Log closed at 2017-07-30 01:53:43

Log opened at 2017-07-30 20:26:53
I: Checking remote connect back address.
I: Checking header 'HTTP_X_FORWARDED_FOR'.
I: Checking header 'REMOTE_ADDR'.
I: Remote address found, connecting to 172.17.0.1:8888.
E: Could not connect to client. :-(
Log closed at 2017-07-30 20:26:53

Log opened at 2017-07-30 20:26:53
I: Checking remote connect back address.
I: Checking header 'HTTP_X_FORWARDED_FOR'.
I: Checking header 'REMOTE_ADDR'.
I: Remote address found, connecting to 172.17.0.1:8888.
E: Could not connect to client. :-(
Log closed at 2017-07-30 20:26:53

Log opened at 2017-07-30 20:26:53
I: Checking remote connect back address.
I: Checking header 'HTTP_X_FORWARDED_FOR'.
I: Checking header 'REMOTE_ADDR'.
I: Remote address found, connecting to 172.17.0.1:8888.
E: Could not connect to client. :-(
Log closed at 2017-07-30 20:26:53

Log opened at 2017-07-30 20:28:45
I: Checking remote connect back address.
I: Checking header 'HTTP_X_FORWARDED_FOR'.
I: Checking header 'REMOTE_ADDR'.
I: Remote address found, connecting to 172.17.0.1:8888.
E: Could not connect to client. :-(
Log closed at 2017-07-30 20:28:45

Log opened at 2017-07-30 20:34:41
I: Checking remote connect back address.
I: Checking header 'HTTP_X_FORWARDED_FOR'.
I: Checking header 'REMOTE_ADDR'.
I: Remote address found, connecting to 172.17.0.1:8888.
E: Could not connect to client. :-(
Log closed at 2017-07-30 20:34:41

Log opened at 2017-07-30 20:36:46
I: Checking remote connect back address.
I: Checking header 'HTTP_X_FORWARDED_FOR'.
I: Checking header 'REMOTE_ADDR'.
I: Remote address found, connecting to 172.17.0.1:8888.
E: Could not connect to client. :-(
Log closed at 2017-07-30 20:36:46

Log opened at 2017-07-30 20:36:55
I: Checking remote connect back address.
I: Checking header 'HTTP_X_FORWARDED_FOR'.
I: Checking header 'REMOTE_ADDR'.
I: Remote address found, connecting to 172.17.0.1:8888.
E: Could not connect to client. :-(
Log closed at 2017-07-30 20:36:55

Log opened at 2017-07-30 20:36:55
I: Checking remote connect back address.
I: Checking header 'HTTP_X_FORWARDED_FOR'.
I: Checking header 'REMOTE_ADDR'.
I: Remote address found, connecting to 172.17.0.1:8888.
E: Could not connect to client. :-(
Log closed at 2017-07-30 20:36:55

Log opened at 2017-07-30 20:36:55
I: Checking remote connect back address.
I: Checking header 'HTTP_X_FORWARDED_FOR'.
I: Checking header 'REMOTE_ADDR'.
I: Remote address found, connecting to 172.17.0.1:8888.
E: Could not connect to client. :-(
Log closed at 2017-07-30 20:36:55

Log opened at 2017-07-30 20:37:11
I: Checking remote connect back address.
I: Checking header 'HTTP_X_FORWARDED_FOR'.
I: Checking header 'REMOTE_ADDR'.
I: Remote address found, connecting to 172.17.0.1:8888.
E: Could not connect to client. :-(
Log closed at 2017-07-30 20:37:11

Log opened at 2017-07-30 20:41:26
I: Checking remote connect back address.
I: Checking header 'HTTP_X_FORWARDED_FOR'.
I: Checking header 'REMOTE_ADDR'.
I: Remote address found, connecting to 172.17.0.1:8888.
E: Could not connect to client. :-(
Log closed at 2017-07-30 20:41:26

Log opened at 2017-07-30 20:41:26
I: Checking remote connect back address.
I: Checking header 'HTTP_X_FORWARDED_FOR'.
I: Checking header 'REMOTE_ADDR'.
I: Remote address found, connecting to 172.17.0.1:8888.
E: Could not connect to client. :-(
Log closed at 2017-07-30 20:41:26

Log opened at 2017-07-30 20:41:26
I: Checking remote connect back address.
I: Checking header 'HTTP_X_FORWARDED_FOR'.
I: Checking header 'REMOTE_ADDR'.
I: Remote address found, connecting to 172.17.0.1:8888.
E: Could not connect to client. :-(
Log closed at 2017-07-30 20:41:26

Log opened at 2017-07-30 20:41:30
I: Checking remote connect back address.
I: Checking header 'HTTP_X_FORWARDED_FOR'.
I: Checking header 'REMOTE_ADDR'.
I: Remote address found, connecting to 172.17.0.1:8888.
E: Could not connect to client. :-(
Log closed at 2017-07-30 20:41:30

Log opened at 2017-07-30 20:42:21
I: Checking remote connect back address.
I: Checking header 'HTTP_X_FORWARDED_FOR'.
I: Checking header 'REMOTE_ADDR'.
I: Remote address found, connecting to 172.17.0.1:8888.
E: Could not connect to client. :-(
Log closed at 2017-07-30 20:42:21

Log opened at 2017-07-30 20:43:21
I: Checking remote connect back address.
I: Checking header 'HTTP_X_FORWARDED_FOR'.
I: Checking header 'REMOTE_ADDR'.
I: Remote address found, connecting to 172.17.0.1:8888.
E: Could not connect to client. :-(
Log closed at 2017-07-30 20:43:21

Log opened at 2017-07-30 20:47:44
I: Checking remote connect back address.
I: Checking header 'HTTP_X_FORWARDED_FOR'.
I: Checking header 'REMOTE_ADDR'.
I: Remote address found, connecting to 172.17.0.1:8888.
E: Could not connect to client. :-(
Log closed at 2017-07-30 20:47:44

Log opened at 2017-07-30 20:48:33
I: Checking remote connect back address.
I: Checking header 'HTTP_X_FORWARDED_FOR'.
I: Checking header 'REMOTE_ADDR'.
I: Remote address found, connecting to 172.17.0.1:8888.
E: Could not connect to client. :-(
Log closed at 2017-07-30 20:48:33

Log opened at 2017-07-30 20:49:54
I: Checking remote connect back address.
I: Checking header 'HTTP_X_FORWARDED_FOR'.
I: Checking header 'REMOTE_ADDR'.
I: Remote address found, connecting to 172.17.0.1:8888.
E: Could not connect to client. :-(
Log closed at 2017-07-30 20:49:54

Log opened at 2017-07-30 20:50:10
I: Checking remote connect back address.
I: Checking header 'HTTP_X_FORWARDED_FOR'.
I: Checking header 'REMOTE_ADDR'.
I: Remote address found, connecting to 172.17.0.1:8888.
E: Could not connect to client. :-(
Log closed at 2017-07-30 20:50:10

Log opened at 2017-07-30 20:51:01
I: Checking remote connect back address.
I: Checking header 'HTTP_X_FORWARDED_FOR'.
I: Checking header 'REMOTE_ADDR'.
I: Remote address found, connecting to 172.17.0.1:8888.
E: Could not connect to client. :-(
Log closed at 2017-07-30 20:51:01

Log opened at 2017-07-30 21:20:04
I: Checking remote connect back address.
I: Checking header 'HTTP_X_FORWARDED_FOR'.
I: Checking header 'REMOTE_ADDR'.
I: Remote address found, connecting to 172.17.0.1:8888.
E: Could not connect to client. :-(
Log closed at 2017-07-30 21:20:04

Log opened at 2017-08-05 18:51:22
I: Checking remote connect back address.
I: Checking header 'HTTP_X_FORWARDED_FOR'.
I: Checking header 'REMOTE_ADDR'.
I: Remote address found, connecting to 172.17.0.1:8888.
E: Could not connect to client. :-(
Log closed at 2017-08-05 18:51:22

Log opened at 2017-08-05 18:51:22
I: Checking remote connect back address.
I: Checking header 'HTTP_X_FORWARDED_FOR'.
I: Checking header 'REMOTE_ADDR'.
I: Remote address found, connecting to 172.17.0.1:8888.
E: Could not connect to client. :-(
Log closed at 2017-08-05 18:51:22

Log opened at 2017-08-05 18:51:22
I: Checking remote connect back address.
I: Checking header 'HTTP_X_FORWARDED_FOR'.
I: Checking header 'REMOTE_ADDR'.
I: Remote address found, connecting to 172.17.0.1:8888.
E: Could not connect to client. :-(
Log closed at 2017-08-05 18:51:22

Log opened at 2017-08-05 18:51:22
I: Checking remote connect back address.
I: Checking header 'HTTP_X_FORWARDED_FOR'.
I: Checking header 'REMOTE_ADDR'.
I: Remote address found, connecting to 172.17.0.1:8888.
E: Could not connect to client. :-(
Log closed at 2017-08-05 18:51:22

Log opened at 2017-08-05 18:51:36
I: Checking remote connect back address.
I: Checking header 'HTTP_X_FORWARDED_FOR'.
I: Checking header 'REMOTE_ADDR'.
I: Remote address found, connecting to 172.17.0.1:8888.
E: Could not connect to client. :-(
Log closed at 2017-08-05 18:51:36

Log opened at 2017-08-05 19:16:47
I: Checking remote connect back address.
I: Checking header 'HTTP_X_FORWARDED_FOR'.
I: Checking header 'REMOTE_ADDR'.
I: Remote address found, connecting to 172.17.0.1:8888.
E: Could not connect to client. :-(
Log closed at 2017-08-05 19:16:47

Log opened at 2017-08-06 08:13:29
I: Checking remote connect back address.
I: Checking header 'HTTP_X_FORWARDED_FOR'.
I: Checking header 'REMOTE_ADDR'.
I: Remote address found, connecting to 172.17.0.1:8888.
E: Could not connect to client. :-(
Log closed at 2017-08-06 08:13:29

Log opened at 2017-08-06 09:01:53
I: Checking remote connect back address.
I: Checking header 'HTTP_X_FORWARDED_FOR'.
I: Checking header 'REMOTE_ADDR'.
I: Remote address found, connecting to 172.17.0.1:8888.
E: Could not connect to client. :-(
Log closed at 2017-08-06 09:01:53

Log opened at 2017-08-18 23:22:23
I: Checking remote connect back address.
I: Checking header 'HTTP_X_FORWARDED_FOR'.
I: Checking header 'REMOTE_ADDR'.
I: Remote address found, connecting to 172.17.0.1:8888.
E: Could not connect to client. :-(
Log closed at 2017-08-18 23:22:23

Log opened at 2017-08-18 23:23:19
I: Checking remote connect back address.
I: Checking header 'HTTP_X_FORWARDED_FOR'.
I: Checking header 'REMOTE_ADDR'.
I: Remote address found, connecting to 172.17.0.1:8888.
E: Could not connect to client. :-(
Log closed at 2017-08-18 23:23:19

Log opened at 2017-08-18 23:23:52
I: Checking remote connect back address.
I: Checking header 'HTTP_X_FORWARDED_FOR'.
I: Checking header 'REMOTE_ADDR'.
I: Remote address found, connecting to 172.17.0.1:8888.
E: Could not connect to client. :-(
Log closed at 2017-08-18 23:23:52

Log opened at 2017-08-18 23:24:06
I: Checking remote connect back address.
I: Checking header 'HTTP_X_FORWARDED_FOR'.
I: Checking header 'REMOTE_ADDR'.
I: Remote address found, connecting to 172.17.0.1:8888.
E: Could not connect to client. :-(
Log closed at 2017-08-18 23:24:06

